24-May-2024 07:11:29.365 WARNING [main] org.apache.catalina.core.StandardContext.setPath 컨텍스트 경로는 반드시 빈 문자열이거나, 또는 '/'로 시작하고 '/'로 끝나지 않는 문자열이어야 합니다. 해당 경로 [it]은(는) 이 조건을 충족시키지 않아 [/it](으)로 변경되었습니다.
24-May-2024 07:11:29.382 INFO [main] org.apache.catalina.startup.VersionLoggerListener.log 서버 버전 이름:    Apache Tomcat/9.0.89
24-May-2024 07:11:29.382 INFO [main] org.apache.catalina.startup.VersionLoggerListener.log Server 빌드 시각:  May 3 2024 20:22:11 UTC
24-May-2024 07:11:29.382 INFO [main] org.apache.catalina.startup.VersionLoggerListener.log Server 버전 번호:  9.0.89.0
24-May-2024 07:11:29.382 INFO [main] org.apache.catalina.startup.VersionLoggerListener.log 운영체제 이름:     Windows 11
24-May-2024 07:11:29.382 INFO [main] org.apache.catalina.startup.VersionLoggerListener.log 운영체제 버전:     10.0
24-May-2024 07:11:29.382 INFO [main] org.apache.catalina.startup.VersionLoggerListener.log 아키텍처:          amd64
24-May-2024 07:11:29.382 INFO [main] org.apache.catalina.startup.VersionLoggerListener.log 자바 홈:           C:\Program Files\Java\jdk-17
24-May-2024 07:11:29.382 INFO [main] org.apache.catalina.startup.VersionLoggerListener.log JVM 버전:          17.0.8+9-LTS-211
24-May-2024 07:11:29.382 INFO [main] org.apache.catalina.startup.VersionLoggerListener.log JVM 벤더:          Oracle Corporation
24-May-2024 07:11:29.384 INFO [main] org.apache.catalina.startup.VersionLoggerListener.log CATALINA_BASE:     C:\tool\apache-tomcat-9.0.89
24-May-2024 07:11:29.384 INFO [main] org.apache.catalina.startup.VersionLoggerListener.log CATALINA_HOME:     C:\tool\apache-tomcat-9.0.89
24-May-2024 07:11:29.384 INFO [main] org.apache.catalina.startup.VersionLoggerListener.log 명령 행 아규먼트:  --add-opens=java.base/java.lang=ALL-UNNAMED
24-May-2024 07:11:29.384 INFO [main] org.apache.catalina.startup.VersionLoggerListener.log 명령 행 아규먼트:  --add-opens=java.base/java.io=ALL-UNNAMED
24-May-2024 07:11:29.385 INFO [main] org.apache.catalina.startup.VersionLoggerListener.log 명령 행 아규먼트:  --add-opens=java.base/java.util=ALL-UNNAMED
24-May-2024 07:11:29.385 INFO [main] org.apache.catalina.startup.VersionLoggerListener.log 명령 행 아규먼트:  --add-opens=java.base/java.util.concurrent=ALL-UNNAMED
24-May-2024 07:11:29.385 INFO [main] org.apache.catalina.startup.VersionLoggerListener.log 명령 행 아규먼트:  --add-opens=java.rmi/sun.rmi.transport=ALL-UNNAMED
24-May-2024 07:11:29.385 INFO [main] org.apache.catalina.startup.VersionLoggerListener.log 명령 행 아규먼트:  -Djava.util.logging.config.file=C:\tool\apache-tomcat-9.0.89\conf\logging.properties
24-May-2024 07:11:29.385 INFO [main] org.apache.catalina.startup.VersionLoggerListener.log 명령 행 아규먼트:  -Djava.util.logging.manager=org.apache.juli.ClassLoaderLogManager
24-May-2024 07:11:29.385 INFO [main] org.apache.catalina.startup.VersionLoggerListener.log 명령 행 아규먼트:  -Djdk.tls.ephemeralDHKeySize=2048
24-May-2024 07:11:29.386 INFO [main] org.apache.catalina.startup.VersionLoggerListener.log 명령 행 아규먼트:  -Djava.protocol.handler.pkgs=org.apache.catalina.webresources
24-May-2024 07:11:29.386 INFO [main] org.apache.catalina.startup.VersionLoggerListener.log 명령 행 아규먼트:  -Dignore.endorsed.dirs=
24-May-2024 07:11:29.386 INFO [main] org.apache.catalina.startup.VersionLoggerListener.log 명령 행 아규먼트:  -Dcatalina.base=C:\tool\apache-tomcat-9.0.89
24-May-2024 07:11:29.386 INFO [main] org.apache.catalina.startup.VersionLoggerListener.log 명령 행 아규먼트:  -Dcatalina.home=C:\tool\apache-tomcat-9.0.89
24-May-2024 07:11:29.386 INFO [main] org.apache.catalina.startup.VersionLoggerListener.log 명령 행 아규먼트:  -Djava.io.tmpdir=C:\tool\apache-tomcat-9.0.89\temp
24-May-2024 07:11:29.401 INFO [main] org.apache.catalina.core.AprLifecycleListener.lifecycleEvent APR 버전 [1.7.4]을(를) 사용한, APR 기반 Apache Tomcat Native 라이브러리 [1.3.0]을(를) 로드했습니다.
24-May-2024 07:11:29.401 INFO [main] org.apache.catalina.core.AprLifecycleListener.lifecycleEvent APR 용량정보들: IPv6 [true], sendfile [true], accept filters [false], random [true], UDS [true].
24-May-2024 07:11:29.401 INFO [main] org.apache.catalina.core.AprLifecycleListener.lifecycleEvent APR/OpenSSL 설정: useAprConnector [false], useOpenSSL [true]
24-May-2024 07:11:29.419 INFO [main] org.apache.catalina.core.AprLifecycleListener.initializeSSL OpenSSL이 성공적으로 초기화되었습니다: [OpenSSL 3.0.13 30 Jan 2024]
24-May-2024 07:11:29.605 INFO [main] org.apache.coyote.AbstractProtocol.init 프로토콜 핸들러 ["http-nio-8080"]을(를) 초기화합니다.
24-May-2024 07:11:29.634 INFO [main] org.apache.catalina.startup.Catalina.load [467] 밀리초 내에 서버가 초기화되었습니다.
24-May-2024 07:11:29.690 INFO [main] org.apache.catalina.core.StandardService.startInternal 서비스 [Catalina]을(를) 시작합니다.
24-May-2024 07:11:29.691 INFO [main] org.apache.catalina.core.StandardEngine.startInternal 서버 엔진을 시작합니다: [Apache Tomcat/9.0.89]
24-May-2024 07:11:30.094 INFO [main] org.apache.catalina.startup.HostConfig.deployDirectory 웹 애플리케이션 디렉토리 [C:\tool\apache-tomcat-9.0.89\webapps\docs]을(를) 배치합니다.
24-May-2024 07:11:30.144 INFO [main] org.apache.catalina.startup.HostConfig.deployDirectory 웹 애플리케이션 디렉토리 [C:\tool\apache-tomcat-9.0.89\webapps\docs]에 대한 배치가 [48] 밀리초에 완료되었습니다.
24-May-2024 07:11:30.144 INFO [main] org.apache.catalina.startup.HostConfig.deployDirectory 웹 애플리케이션 디렉토리 [C:\tool\apache-tomcat-9.0.89\webapps\examples]을(를) 배치합니다.
24-May-2024 07:11:30.697 INFO [main] org.apache.catalina.startup.HostConfig.deployDirectory 웹 애플리케이션 디렉토리 [C:\tool\apache-tomcat-9.0.89\webapps\examples]에 대한 배치가 [553] 밀리초에 완료되었습니다.
24-May-2024 07:11:30.697 INFO [main] org.apache.catalina.startup.HostConfig.deployDirectory 웹 애플리케이션 디렉토리 [C:\tool\apache-tomcat-9.0.89\webapps\host-manager]을(를) 배치합니다.
24-May-2024 07:11:30.740 INFO [main] org.apache.catalina.startup.HostConfig.deployDirectory 웹 애플리케이션 디렉토리 [C:\tool\apache-tomcat-9.0.89\webapps\host-manager]에 대한 배치가 [43] 밀리초에 완료되었습니다.
24-May-2024 07:11:30.740 INFO [main] org.apache.catalina.startup.HostConfig.deployDirectory 웹 애플리케이션 디렉토리 [C:\tool\apache-tomcat-9.0.89\webapps\ITWeb]을(를) 배치합니다.
24-May-2024 07:11:30.761 INFO [main] org.apache.catalina.startup.HostConfig.deployDirectory 웹 애플리케이션 디렉토리 [C:\tool\apache-tomcat-9.0.89\webapps\ITWeb]에 대한 배치가 [21] 밀리초에 완료되었습니다.
24-May-2024 07:11:30.762 INFO [main] org.apache.catalina.startup.HostConfig.deployDirectory 웹 애플리케이션 디렉토리 [C:\tool\apache-tomcat-9.0.89\webapps\manager]을(를) 배치합니다.
24-May-2024 07:11:30.803 INFO [main] org.apache.catalina.startup.HostConfig.deployDirectory 웹 애플리케이션 디렉토리 [C:\tool\apache-tomcat-9.0.89\webapps\manager]에 대한 배치가 [40] 밀리초에 완료되었습니다.
24-May-2024 07:11:30.803 INFO [main] org.apache.catalina.startup.HostConfig.deployDirectory 웹 애플리케이션 디렉토리 [C:\tool\apache-tomcat-9.0.89\webapps\ROOT]을(를) 배치합니다.
24-May-2024 07:11:30.834 INFO [main] org.apache.catalina.startup.HostConfig.deployDirectory 웹 애플리케이션 디렉토리 [C:\tool\apache-tomcat-9.0.89\webapps\ROOT]에 대한 배치가 [31] 밀리초에 완료되었습니다.
24-May-2024 07:11:30.839 INFO [main] org.apache.coyote.AbstractProtocol.start 프로토콜 핸들러 ["http-nio-8080"]을(를) 시작합니다.
24-May-2024 07:11:30.941 INFO [main] org.apache.catalina.startup.Catalina.start 서버가 [1306] 밀리초 내에 시작되었습니다.
24-May-2024 07:14:21.093 INFO [Catalina-utility-2] org.apache.catalina.startup.HostConfig.reload 컨텍스트 []을(를) 다시 로드합니다.
24-May-2024 07:14:21.094 INFO [Catalina-utility-2] org.apache.catalina.core.StandardContext.reload 이름이 []인 컨텍스트를 다시 로드하는 작업이 시작되었습니다.
24-May-2024 07:14:21.132 INFO [Catalina-utility-2] org.apache.catalina.core.StandardContext.reload 이름이 []인 컨텍스트를 다시 로드하는 것을 완료했습니다.
24-May-2024 07:14:51.177 INFO [Catalina-utility-1] org.apache.catalina.startup.HostConfig.reload 컨텍스트 []을(를) 다시 로드합니다.
24-May-2024 07:14:51.178 INFO [Catalina-utility-1] org.apache.catalina.core.StandardContext.reload 이름이 []인 컨텍스트를 다시 로드하는 작업이 시작되었습니다.
24-May-2024 07:14:51.202 INFO [Catalina-utility-1] org.apache.catalina.core.StandardContext.reload 이름이 []인 컨텍스트를 다시 로드하는 것을 완료했습니다.
24-May-2024 07:15:22.239 WARNING [main] org.apache.catalina.core.StandardContext.setPath 컨텍스트 경로는 반드시 빈 문자열이거나, 또는 '/'로 시작하고 '/'로 끝나지 않는 문자열이어야 합니다. 해당 경로 [it]은(는) 이 조건을 충족시키지 않아 [/it](으)로 변경되었습니다.
24-May-2024 07:15:22.258 INFO [main] org.apache.catalina.startup.VersionLoggerListener.log 서버 버전 이름:    Apache Tomcat/9.0.89
24-May-2024 07:15:22.258 INFO [main] org.apache.catalina.startup.VersionLoggerListener.log Server 빌드 시각:  May 3 2024 20:22:11 UTC
24-May-2024 07:15:22.258 INFO [main] org.apache.catalina.startup.VersionLoggerListener.log Server 버전 번호:  9.0.89.0
24-May-2024 07:15:22.258 INFO [main] org.apache.catalina.startup.VersionLoggerListener.log 운영체제 이름:     Windows 11
24-May-2024 07:15:22.258 INFO [main] org.apache.catalina.startup.VersionLoggerListener.log 운영체제 버전:     10.0
24-May-2024 07:15:22.259 INFO [main] org.apache.catalina.startup.VersionLoggerListener.log 아키텍처:          amd64
24-May-2024 07:15:22.259 INFO [main] org.apache.catalina.startup.VersionLoggerListener.log 자바 홈:           C:\Program Files\Java\jdk-17
24-May-2024 07:15:22.259 INFO [main] org.apache.catalina.startup.VersionLoggerListener.log JVM 버전:          17.0.8+9-LTS-211
24-May-2024 07:15:22.259 INFO [main] org.apache.catalina.startup.VersionLoggerListener.log JVM 벤더:          Oracle Corporation
24-May-2024 07:15:22.259 INFO [main] org.apache.catalina.startup.VersionLoggerListener.log CATALINA_BASE:     C:\tool\apache-tomcat-9.0.89
24-May-2024 07:15:22.259 INFO [main] org.apache.catalina.startup.VersionLoggerListener.log CATALINA_HOME:     C:\tool\apache-tomcat-9.0.89
24-May-2024 07:15:22.260 INFO [main] org.apache.catalina.startup.VersionLoggerListener.log 명령 행 아규먼트:  --add-opens=java.base/java.lang=ALL-UNNAMED
24-May-2024 07:15:22.260 INFO [main] org.apache.catalina.startup.VersionLoggerListener.log 명령 행 아규먼트:  --add-opens=java.base/java.io=ALL-UNNAMED
24-May-2024 07:15:22.260 INFO [main] org.apache.catalina.startup.VersionLoggerListener.log 명령 행 아규먼트:  --add-opens=java.base/java.util=ALL-UNNAMED
24-May-2024 07:15:22.260 INFO [main] org.apache.catalina.startup.VersionLoggerListener.log 명령 행 아규먼트:  --add-opens=java.base/java.util.concurrent=ALL-UNNAMED
24-May-2024 07:15:22.261 INFO [main] org.apache.catalina.startup.VersionLoggerListener.log 명령 행 아규먼트:  --add-opens=java.rmi/sun.rmi.transport=ALL-UNNAMED
24-May-2024 07:15:22.261 INFO [main] org.apache.catalina.startup.VersionLoggerListener.log 명령 행 아규먼트:  -Djava.util.logging.config.file=C:\tool\apache-tomcat-9.0.89\conf\logging.properties
24-May-2024 07:15:22.261 INFO [main] org.apache.catalina.startup.VersionLoggerListener.log 명령 행 아규먼트:  -Djava.util.logging.manager=org.apache.juli.ClassLoaderLogManager
24-May-2024 07:15:22.261 INFO [main] org.apache.catalina.startup.VersionLoggerListener.log 명령 행 아규먼트:  -Djdk.tls.ephemeralDHKeySize=2048
24-May-2024 07:15:22.261 INFO [main] org.apache.catalina.startup.VersionLoggerListener.log 명령 행 아규먼트:  -Djava.protocol.handler.pkgs=org.apache.catalina.webresources
24-May-2024 07:15:22.261 INFO [main] org.apache.catalina.startup.VersionLoggerListener.log 명령 행 아규먼트:  -Dignore.endorsed.dirs=
24-May-2024 07:15:22.261 INFO [main] org.apache.catalina.startup.VersionLoggerListener.log 명령 행 아규먼트:  -Dcatalina.base=C:\tool\apache-tomcat-9.0.89
24-May-2024 07:15:22.262 INFO [main] org.apache.catalina.startup.VersionLoggerListener.log 명령 행 아규먼트:  -Dcatalina.home=C:\tool\apache-tomcat-9.0.89
24-May-2024 07:15:22.262 INFO [main] org.apache.catalina.startup.VersionLoggerListener.log 명령 행 아규먼트:  -Djava.io.tmpdir=C:\tool\apache-tomcat-9.0.89\temp
24-May-2024 07:15:22.274 INFO [main] org.apache.catalina.core.AprLifecycleListener.lifecycleEvent APR 버전 [1.7.4]을(를) 사용한, APR 기반 Apache Tomcat Native 라이브러리 [1.3.0]을(를) 로드했습니다.
24-May-2024 07:15:22.274 INFO [main] org.apache.catalina.core.AprLifecycleListener.lifecycleEvent APR 용량정보들: IPv6 [true], sendfile [true], accept filters [false], random [true], UDS [true].
24-May-2024 07:15:22.275 INFO [main] org.apache.catalina.core.AprLifecycleListener.lifecycleEvent APR/OpenSSL 설정: useAprConnector [false], useOpenSSL [true]
24-May-2024 07:15:22.282 INFO [main] org.apache.catalina.core.AprLifecycleListener.initializeSSL OpenSSL이 성공적으로 초기화되었습니다: [OpenSSL 3.0.13 30 Jan 2024]
24-May-2024 07:15:22.440 INFO [main] org.apache.coyote.AbstractProtocol.init 프로토콜 핸들러 ["http-nio-8080"]을(를) 초기화합니다.
24-May-2024 07:15:22.461 INFO [main] org.apache.catalina.startup.Catalina.load [406] 밀리초 내에 서버가 초기화되었습니다.
24-May-2024 07:15:22.505 INFO [main] org.apache.catalina.core.StandardService.startInternal 서비스 [Catalina]을(를) 시작합니다.
24-May-2024 07:15:22.507 INFO [main] org.apache.catalina.core.StandardEngine.startInternal 서버 엔진을 시작합니다: [Apache Tomcat/9.0.89]
24-May-2024 07:15:22.881 WARNING [main] org.apache.catalina.util.SessionIdGeneratorBase.createSecureRandom [SHA1PRNG] 알고리즘을 사용하여, 세션 ID를 생성하기 위한 SecureRandom 객체를 생성하는데, [115] 밀리초가 소요됐습니다.
24-May-2024 07:15:22.900 INFO [main] org.apache.catalina.startup.HostConfig.deployDirectory 웹 애플리케이션 디렉토리 [C:\tool\apache-tomcat-9.0.89\webapps\docs]을(를) 배치합니다.
24-May-2024 07:15:22.940 INFO [main] org.apache.catalina.startup.HostConfig.deployDirectory 웹 애플리케이션 디렉토리 [C:\tool\apache-tomcat-9.0.89\webapps\docs]에 대한 배치가 [39] 밀리초에 완료되었습니다.
24-May-2024 07:15:22.940 INFO [main] org.apache.catalina.startup.HostConfig.deployDirectory 웹 애플리케이션 디렉토리 [C:\tool\apache-tomcat-9.0.89\webapps\examples]을(를) 배치합니다.
24-May-2024 07:15:23.385 INFO [main] org.apache.catalina.startup.HostConfig.deployDirectory 웹 애플리케이션 디렉토리 [C:\tool\apache-tomcat-9.0.89\webapps\examples]에 대한 배치가 [445] 밀리초에 완료되었습니다.
24-May-2024 07:15:23.387 INFO [main] org.apache.catalina.startup.HostConfig.deployDirectory 웹 애플리케이션 디렉토리 [C:\tool\apache-tomcat-9.0.89\webapps\host-manager]을(를) 배치합니다.
24-May-2024 07:15:23.425 INFO [main] org.apache.catalina.startup.HostConfig.deployDirectory 웹 애플리케이션 디렉토리 [C:\tool\apache-tomcat-9.0.89\webapps\host-manager]에 대한 배치가 [38] 밀리초에 완료되었습니다.
24-May-2024 07:15:23.425 INFO [main] org.apache.catalina.startup.HostConfig.deployDirectory 웹 애플리케이션 디렉토리 [C:\tool\apache-tomcat-9.0.89\webapps\ITWeb]을(를) 배치합니다.
24-May-2024 07:15:23.450 INFO [main] org.apache.catalina.startup.HostConfig.deployDirectory 웹 애플리케이션 디렉토리 [C:\tool\apache-tomcat-9.0.89\webapps\ITWeb]에 대한 배치가 [25] 밀리초에 완료되었습니다.
24-May-2024 07:15:23.450 INFO [main] org.apache.catalina.startup.HostConfig.deployDirectory 웹 애플리케이션 디렉토리 [C:\tool\apache-tomcat-9.0.89\webapps\manager]을(를) 배치합니다.
24-May-2024 07:15:23.484 INFO [main] org.apache.catalina.startup.HostConfig.deployDirectory 웹 애플리케이션 디렉토리 [C:\tool\apache-tomcat-9.0.89\webapps\manager]에 대한 배치가 [34] 밀리초에 완료되었습니다.
24-May-2024 07:15:23.485 INFO [main] org.apache.catalina.startup.HostConfig.deployDirectory 웹 애플리케이션 디렉토리 [C:\tool\apache-tomcat-9.0.89\webapps\ROOT]을(를) 배치합니다.
24-May-2024 07:15:23.518 INFO [main] org.apache.catalina.startup.HostConfig.deployDirectory 웹 애플리케이션 디렉토리 [C:\tool\apache-tomcat-9.0.89\webapps\ROOT]에 대한 배치가 [33] 밀리초에 완료되었습니다.
24-May-2024 07:15:23.523 INFO [main] org.apache.coyote.AbstractProtocol.start 프로토콜 핸들러 ["http-nio-8080"]을(를) 시작합니다.
24-May-2024 07:15:23.652 INFO [main] org.apache.catalina.startup.Catalina.start 서버가 [1189] 밀리초 내에 시작되었습니다.
